{"D:\\node_study\\vuejs\\todolistapp_test2\\src\\constant.js": {"path":"D:\\node_study\\vuejs\\todolistapp_test2\\src\\constant.js","statementMap":{},"fnMap":{},"branchMap":{},"s":{},"f":{},"b":{},"_coverageSchema":"332fd63041d2c1bcb487cc26dd0d5f7d97098a6c","hash":"12d1d6ab62d7362b78ef15e74f65926d8f82a320"}
,"D:\\node_study\\vuejs\\todolistapp_test2\\src\\sum.js": {"path":"D:\\node_study\\vuejs\\todolistapp_test2\\src\\sum.js","statementMap":{"0":{"start":{"line":1,"column":10},"end":{"line":3,"column":1}},"1":{"start":{"line":2,"column":1},"end":{"line":2,"column":12}}},"fnMap":{"0":{"name":"(anonymous_0)","decl":{"start":{"line":1,"column":10},"end":{"line":1,"column":11}},"loc":{"start":{"line":1,"column":23},"end":{"line":3,"column":1}},"line":1}},"branchMap":{},"s":{"0":1,"1":1},"f":{"0":1},"b":{},"_coverageSchema":"332fd63041d2c1bcb487cc26dd0d5f7d97098a6c","hash":"37bbbcf347e35b08de10dca61323b0d3710a9335"}
,"D:\\node_study\\vuejs\\todolistapp_test2\\src\\components\\List.vue": {"path":"D:\\node_study\\vuejs\\todolistapp_test2\\src\\components\\List.vue","statementMap":{"0":{"start":{"line":3,"column":0},"end":{"line":null,"column":-1}},"1":{"start":{"line":4,"column":0},"end":{"line":null,"column":-1}},"2":{"start":{"line":5,"column":0},"end":{"line":null,"column":-1}},"3":{"start":{"line":12,"column":4},"end":{"line":13,"column":9}},"4":{"start":{"line":12,"column":14},"end":{"line":12,"column":4}},"5":{"start":{"line":13,"column":9},"end":{"line":null,"column":-1}}},"fnMap":{"0":{"name":"checked","decl":{"start":{"line":11,"column":12},"end":{"line":11,"column":21}},"loc":{"start":{"line":11,"column":28},"end":{"line":14,"column":4}}}},"branchMap":{"0":{"loc":{"start":{"line":12,"column":4},"end":{"line":13,"column":9}},"type":"if","locations":[{"start":{"line":12,"column":4},"end":{"line":13,"column":9}},{"start":{"line":12,"column":4},"end":{"line":13,"column":9}}]}},"s":{"0":1,"1":1,"2":1,"3":9,"4":2,"5":7},"f":{"0":9},"b":{"0":[2,7]}}
,"D:\\node_study\\vuejs\\todolistapp_test2\\src\\store\\actions.js": {"path":"D:\\node_study\\vuejs\\todolistapp_test2\\src\\store\\actions.js","statementMap":{"0":{"start":{"line":5,"column":2},"end":{"line":5,"column":31}},"1":{"start":{"line":6,"column":2},"end":{"line":6,"column":36}},"2":{"start":{"line":9,"column":2},"end":{"line":9,"column":34}},"3":{"start":{"line":10,"column":2},"end":{"line":10,"column":45}},"4":{"start":{"line":13,"column":2},"end":{"line":13,"column":36}},"5":{"start":{"line":14,"column":2},"end":{"line":14,"column":45}}},"fnMap":{"0":{"name":"(anonymous_0)","decl":{"start":{"line":4,"column":21},"end":{"line":4,"column":22}},"loc":{"start":{"line":4,"column":47},"end":{"line":7,"column":2}},"line":4},"1":{"name":"(anonymous_1)","decl":{"start":{"line":8,"column":24},"end":{"line":8,"column":25}},"loc":{"start":{"line":8,"column":41},"end":{"line":11,"column":2}},"line":8},"2":{"name":"(anonymous_2)","decl":{"start":{"line":12,"column":24},"end":{"line":12,"column":25}},"loc":{"start":{"line":12,"column":41},"end":{"line":15,"column":2}},"line":12}},"branchMap":{},"s":{"0":1,"1":1,"2":0,"3":0,"4":0,"5":0},"f":{"0":1,"1":0,"2":0},"b":{},"_coverageSchema":"332fd63041d2c1bcb487cc26dd0d5f7d97098a6c","hash":"650245665b0b8c6596cf1f54ed3fac7e25abe748"}
,"D:\\node_study\\vuejs\\todolistapp_test2\\src\\store\\index.js": {"path":"D:\\node_study\\vuejs\\todolistapp_test2\\src\\store\\index.js","statementMap":{"0":{"start":{"line":7,"column":0},"end":{"line":7,"column":22}},"1":{"start":{"line":10,"column":0},"end":{"line":10,"column":14}},"2":{"start":{"line":12,"column":12},"end":{"line":14,"column":2}}},"fnMap":{},"branchMap":{},"s":{"0":1,"1":1,"2":1},"f":{},"b":{},"_coverageSchema":"332fd63041d2c1bcb487cc26dd0d5f7d97098a6c","hash":"7d72e9e8fb42273cde2c9054ace3147a8715fa53"}
,"D:\\node_study\\vuejs\\todolistapp_test2\\src\\store\\mutations.js": {"path":"D:\\node_study\\vuejs\\todolistapp_test2\\src\\store\\mutations.js","statementMap":{"0":{"start":{"line":5,"column":2},"end":{"line":7,"column":3}},"1":{"start":{"line":6,"column":3},"end":{"line":6,"column":54}},"2":{"start":{"line":10,"column":2},"end":{"line":12,"column":3}},"3":{"start":{"line":11,"column":3},"end":{"line":11,"column":74}},"4":{"start":{"line":15,"column":2},"end":{"line":17,"column":3}},"5":{"start":{"line":16,"column":3},"end":{"line":16,"column":42}}},"fnMap":{"0":{"name":"(anonymous_0)","decl":{"start":{"line":4,"column":21},"end":{"line":4,"column":22}},"loc":{"start":{"line":4,"column":38},"end":{"line":8,"column":2}},"line":4},"1":{"name":"(anonymous_1)","decl":{"start":{"line":9,"column":24},"end":{"line":9,"column":25}},"loc":{"start":{"line":9,"column":41},"end":{"line":13,"column":2}},"line":9},"2":{"name":"(anonymous_2)","decl":{"start":{"line":14,"column":24},"end":{"line":14,"column":25}},"loc":{"start":{"line":14,"column":41},"end":{"line":18,"column":2}},"line":14}},"branchMap":{"0":{"loc":{"start":{"line":5,"column":2},"end":{"line":7,"column":3}},"type":"if","locations":[{"start":{"line":5,"column":2},"end":{"line":7,"column":3}},{"start":{"line":5,"column":2},"end":{"line":7,"column":3}}],"line":5},"1":{"loc":{"start":{"line":10,"column":2},"end":{"line":12,"column":3}},"type":"if","locations":[{"start":{"line":10,"column":2},"end":{"line":12,"column":3}},{"start":{"line":10,"column":2},"end":{"line":12,"column":3}}],"line":10},"2":{"loc":{"start":{"line":15,"column":2},"end":{"line":17,"column":3}},"type":"if","locations":[{"start":{"line":15,"column":2},"end":{"line":17,"column":3}},{"start":{"line":15,"column":2},"end":{"line":17,"column":3}}],"line":15}},"s":{"0":1,"1":1,"2":0,"3":0,"4":0,"5":0},"f":{"0":1,"1":0,"2":0},"b":{"0":[1,0],"1":[0,0],"2":[0,0]},"_coverageSchema":"332fd63041d2c1bcb487cc26dd0d5f7d97098a6c","hash":"da7a9bd4f07299fc71a19b22991299a05ff2ceab"}
,"D:\\node_study\\vuejs\\todolistapp_test2\\src\\store\\state.js": {"path":"D:\\node_study\\vuejs\\todolistapp_test2\\src\\store\\state.js","statementMap":{},"fnMap":{},"branchMap":{},"s":{},"f":{},"b":{},"_coverageSchema":"332fd63041d2c1bcb487cc26dd0d5f7d97098a6c","hash":"1d49ce045b348b8726c38ec09b404de83f12be00"}
}
