TN:
SF:D:\node_study\vuejs\todolistapp_test2\src\constant.js
FNF:0
FNH:0
LF:0
LH:0
BRF:0
BRH:0
end_of_record
TN:
SF:D:\node_study\vuejs\todolistapp_test2\src\sum.js
FN:1,(anonymous_0)
FNF:1
FNH:1
FNDA:1,(anonymous_0)
DA:1,1
DA:2,1
LF:2
LH:2
BRF:0
BRH:0
end_of_record
TN:
SF:D:\node_study\vuejs\todolistapp_test2\src\components\List.vue
FN:11,checked
FNF:1
FNH:1
FNDA:9,checked
DA:3,1
DA:4,1
DA:5,1
DA:12,9
DA:13,7
LF:5
LH:5
BRDA:12,0,0,2
BRDA:12,0,1,7
BRF:2
BRH:2
end_of_record
TN:
SF:D:\node_study\vuejs\todolistapp_test2\src\store\actions.js
FN:4,(anonymous_0)
FN:8,(anonymous_1)
FN:12,(anonymous_2)
FNF:3
FNH:1
FNDA:1,(anonymous_0)
FNDA:0,(anonymous_1)
FNDA:0,(anonymous_2)
DA:5,1
DA:6,1
DA:9,0
DA:10,0
DA:13,0
DA:14,0
LF:6
LH:2
BRF:0
BRH:0
end_of_record
TN:
SF:D:\node_study\vuejs\todolistapp_test2\src\store\index.js
FNF:0
FNH:0
DA:7,1
DA:10,1
DA:12,1
LF:3
LH:3
BRF:0
BRH:0
end_of_record
TN:
SF:D:\node_study\vuejs\todolistapp_test2\src\store\mutations.js
FN:4,(anonymous_0)
FN:9,(anonymous_1)
FN:14,(anonymous_2)
FNF:3
FNH:1
FNDA:1,(anonymous_0)
FNDA:0,(anonymous_1)
FNDA:0,(anonymous_2)
DA:5,1
DA:6,1
DA:10,0
DA:11,0
DA:15,0
DA:16,0
LF:6
LH:2
BRDA:5,0,0,1
BRDA:5,0,1,0
BRDA:10,1,0,0
BRDA:10,1,1,0
BRDA:15,2,0,0
BRDA:15,2,1,0
BRF:6
BRH:1
end_of_record
TN:
SF:D:\node_study\vuejs\todolistapp_test2\src\store\state.js
FNF:0
FNH:0
LF:0
LH:0
BRF:0
BRH:0
end_of_record
